\BOOKMARK [0][]{chapter.1}{\376\377\173\054\116\000\172\340\000\040\173\200\116\313}{}% 1
\BOOKMARK [1][]{section.1.1}{\376\377\0001\000.\0001\000\040\163\257\130\203\221\115\177\156}{chapter.1}% 2
\BOOKMARK [2][]{subsection.1.1.1}{\376\377\0001\000.\0001\000.\0001\000\040\203\267\123\326\156\220\170\001}{section.1.1}% 3
\BOOKMARK [2][]{subsection.1.1.2}{\376\377\0001\000.\0001\000.\0002\000\040\121\205\150\070\221\115\177\156}{section.1.1}% 4
\BOOKMARK [2][]{subsection.1.1.3}{\376\377\0001\000.\0001\000.\0003\000\040\147\204\136\372\201\352\135\361\166\204\121\205\150\070}{section.1.1}% 5
\BOOKMARK [1][]{section.1.2}{\376\377\0001\000.\0002\000\040\121\205\150\070\116\343\170\001\177\026\121\231\230\316\150\074}{chapter.1}% 6
\BOOKMARK [1][]{section.1.3}{\376\377\0001\000.\0003\000\040\121\205\150\070\176\323\147\204\122\006\221\115\124\214\122\035\131\313\123\026}{chapter.1}% 7
\BOOKMARK [1][]{section.1.4}{\376\377\0001\000.\0004\000\040\174\173\060\001\133\371\214\141\060\001\227\142\124\021\133\371\214\141\166\204\177\026\172\013}{chapter.1}% 8
\BOOKMARK [0][]{chapter.2}{\376\377\173\054\116\214\172\340\000\040\213\276\131\007\232\161\122\250\172\013\136\217\127\372\170\100}{}% 9
\BOOKMARK [1][]{section.2.1}{\376\377\0002\000.\0001\000\040\121\205\150\070\172\172\225\364\124\214\165\050\142\067\172\172\225\364}{chapter.2}% 10
\BOOKMARK [2][]{subsection.2.1.1}{\376\377\0002\000.\0001\000.\0001\000\040\152\041\127\127\166\204\151\202\137\365}{section.2.1}% 11
\BOOKMARK [2][]{subsection.2.1.2}{\376\377\0002\000.\0001\000.\0002\000\040\152\041\127\127\117\235\215\126}{section.2.1}% 12
\BOOKMARK [2][]{subsection.2.1.3}{\376\377\0002\000.\0001\000.\0003\000\040\152\041\127\127\166\204\122\240\217\175\124\214\123\170\217\175}{section.2.1}% 13
\BOOKMARK [1][]{section.2.2}{\376\377\0002\000.\0002\000\040\232\161\122\250\172\013\136\217\150\106\147\266}{chapter.2}% 14
\BOOKMARK [2][]{subsection.2.2.1}{\376\377\0002\000.\0002\000.\0001\000\040\152\041\127\127\166\204\121\145\123\343\160\271\124\214\121\372\123\343\160\271}{section.2.2}% 15
\BOOKMARK [2][]{subsection.2.2.2}{\376\377\0002\000.\0002\000.\0002\000\040\152\041\127\127\117\341\140\157}{section.2.2}% 16
\BOOKMARK [0][]{chapter.3}{\376\377\173\054\116\011\172\340\000\040\121\205\150\070\135\345\121\167\124\214\217\205\122\251\121\375\145\160}{}% 17
\BOOKMARK [0][]{chapter.4}{\376\377\173\054\126\333\172\340\000\040\133\127\173\046\213\276\131\007\232\161\122\250\172\013\136\217}{}% 18
\BOOKMARK [0][]{chapter.5}{\376\377\173\054\116\224\172\340\000\040\136\163\123\360\213\276\131\007\232\161\122\250\172\013\136\217}{}% 19
\BOOKMARK [0][]{chapter.6}{\376\377\173\054\121\155\172\340\000\040\213\276\131\007\150\021\166\204\151\202\137\365}{}% 20
\BOOKMARK [1][]{section.6.1}{\376\377\0006\000.\0001\000\040\213\276\131\007\150\021\147\072\122\066}{chapter.6}% 21
\BOOKMARK [0][]{chapter.7}{\376\377\173\054\116\003\172\340\000\040\000I\0002\000C\133\242\142\067\172\357\232\161\122\250\172\013\136\217}{}% 22
\BOOKMARK [0][]{chapter.8}{\376\377\173\054\121\153\172\340\000\040\000S\000P\000I\213\276\131\007\232\161\122\250\172\013\136\217}{}% 23
\BOOKMARK [0][]{chapter.9}{\376\377\173\054\116\135\172\340\000\040\000R\000e\000g\000m\000a\000p\000\040\000A\000P\000I\040\024\040\024\133\304\133\130\126\150\146\040\134\004\142\275\214\141}{}% 24
\BOOKMARK [0][]{chapter.10}{\376\377\173\054\123\101\172\340\000\040\000I\000I\000O\150\106\147\266}{}% 25
\BOOKMARK [0][]{chapter.11}{\376\377\173\054\123\101\116\000\172\340\000\040\121\205\150\070\121\205\133\130\173\241\164\006}{}% 26
\BOOKMARK [0][]{chapter.12}{\376\377\173\054\123\101\116\214\172\340\000\040\000D\000M\000A\040\024\040\024\166\364\143\245\121\205\133\130\213\277\225\356}{}% 27
\BOOKMARK [0][]{chapter.13}{\376\377\173\054\123\101\116\011\172\340\000\040\000L\000i\000n\000u\000x\213\276\131\007\152\041\127\213}{}% 28
\BOOKMARK [0][]{chapter.14}{\376\377\173\054\123\101\126\333\172\340\000\040\137\025\201\032\143\247\122\066\124\214\000G\000P\000I\000O\133\120\174\373\176\337}{}% 29
\BOOKMARK [0][]{chapter.15}{\376\377\173\054\123\101\116\224\172\340\000\040\000G\000P\000I\000O\143\247\122\066\126\150\232\161\122\250\172\013\136\217\040\024\040\024\000g\000p\000i\000o\000\137\000c\000h\000i\000p}{}% 30
\BOOKMARK [0][]{chapter.16}{\376\377\173\054\123\101\121\155\172\340\000\040\232\330\176\247\000I\000R\000Q\173\241\164\006}{}% 31
\BOOKMARK [0][]{chapter.17}{\376\377\173\054\123\101\116\003\172\340\000\040\217\223\121\145\213\276\131\007\232\161\122\250\172\013\136\217}{}% 32
\BOOKMARK [0][]{chapter.18}{\376\377\173\054\123\101\121\153\172\340\000\040\000R\000T\000C\232\161\122\250\172\013\136\217}{}% 33
\BOOKMARK [0][]{chapter.19}{\376\377\173\054\123\101\116\135\172\340\000\040\000P\000W\000M\232\161\122\250\172\013\136\217}{}% 34
\BOOKMARK [0][]{chapter.20}{\376\377\173\054\116\214\123\101\172\340\000\040\214\003\202\202\126\150\150\106\147\266}{}% 35
\BOOKMARK [0][]{chapter.21}{\376\377\173\054\116\214\123\101\116\000\172\340\000\040\136\047\177\023\121\262\232\161\122\250\172\013\136\217}{}% 36
\BOOKMARK [0][]{chapter.22}{\376\377\173\054\116\214\123\101\116\214\172\340\000\040\177\121\176\334\143\245\123\343\123\141\232\161\122\250\172\013\136\217}{}% 37
